db connection:Error: Connection lost: The server closed the connection.
Quality parameter read: Items found
Quality parameter display: no items
Quality parameter read: no items found 
Quality parameter display: no items
Quality parameter read: no items found 
Quality parameter display: no items
Quality parameter read: no items found 
Quality parameter display: no items
Quality parameter display: no items
Quality parameter read: no items found 
Quality parameter read: Items found
Quality parameter display: items found
Quality parameter read: Items found
Quality parameter display: items found
Quality parameter read: Items found
Quality parameter display: items found
Quality parameter read: Items found
Quality parameter display: items found
Quality parameter read: Items found
Quality parameter display: items found
Quality parameter read: Items found
Quality parameter display: items found
Quality parameter read: Items found
Quality parameter display: items founddb connection:Error: Connection lost: The server closed the connection.